# JRE version: OpenJDK Runtime Environment (8.0_242-b01) (build 1.8.0_242-release-1644-b01)
# Java VM: OpenJDK 64-Bit Server VM (25.242-b01 mixed mode windows-amd64 compressed oops)
Heap:
 PSYoungGen      total 495104K, used 492243K [0x00000000d5580000, 0x0000000100000000, 0x0000000100000000)
  eden space 379392K, 99% used [0x00000000d5580000,0x00000000ec536888,0x00000000ec800000)
  from space 115712K, 99% used [0x00000000f8e80000,0x00000000fff7e550,0x00000000fff80000)
  to   space 159744K, 0% used [0x00000000ec800000,0x00000000ec800000,0x00000000f6400000)
 ParOldGen       total 385024K, used 254784K [0x0000000080000000, 0x0000000097800000, 0x00000000d5580000)
  object space 385024K, 66% used [0x0000000080000000,0x000000008f8d00d0,0x0000000097800000)
 Metaspace       used 351364K, capacity 373972K, committed 374168K, reserved 1372160K
  class space    used 46147K, capacity 50524K, committed 50608K, reserved 1048576K
GC Heap History (10 events):
Event: 5550.331 GC heap before
{Heap before GC invocations=90 (full 10):
 PSYoungGen      total 568320K, used 457055K [0x00000000d5580000, 0x0000000100000000, 0x0000000100000000)
  eden space 437760K, 100% used [0x00000000d5580000,0x00000000f0100000,0x00000000f0100000)
  from space 130560K, 14% used [0x00000000f0100000,0x00000000f13d7db8,0x00000000f8080000)
  to   space 128000K, 0% used [0x00000000f8300000,0x00000000f8300000,0x0000000100000000)
 ParOldGen       total 385024K, used 183075K [0x0000000080000000, 0x0000000097800000, 0x00000000d5580000)
  object space 385024K, 47% used [0x0000000080000000,0x000000008b2c8da0,0x0000000097800000)
 Metaspace       used 327582K, capacity 347412K, committed 347672K, reserved 1349632K
  class space    used 42878K, capacity 46788K, committed 46896K, reserved 1048576K
Event: 5550.435 GC heap after
Heap after GC invocations=90 (full 10):
 PSYoungGen      total 558592K, used 59113K [0x00000000d5580000, 0x00000000ff680000, 0x0000000100000000)
  eden space 440320K, 0% used [0x00000000d5580000,0x00000000d5580000,0x00000000f0380000)
  from space 118272K, 49% used [0x00000000f8300000,0x00000000fbcba570,0x00000000ff680000)
  to   space 124416K, 0% used [0x00000000f0380000,0x00000000f0380000,0x00000000f7d00000)
 ParOldGen       total 385024K, used 183083K [0x0000000080000000, 0x0000000097800000, 0x00000000d5580000)
  object space 385024K, 47% used [0x0000000080000000,0x000000008b2cada0,0x0000000097800000)
 Metaspace       used 327582K, capacity 347412K, committed 347672K, reserved 1349632K
  class space    used 42878K, capacity 46788K, committed 46896K, reserved 1048576K
}
Event: 5590.334 GC heap before
{Heap before GC invocations=91 (full 10):
 PSYoungGen      total 558592K, used 499433K [0x00000000d5580000, 0x00000000ff680000, 0x0000000100000000)
  eden space 440320K, 100% used [0x00000000d5580000,0x00000000f0380000,0x00000000f0380000)
  from space 118272K, 49% used [0x00000000f8300000,0x00000000fbcba570,0x00000000ff680000)
  to   space 124416K, 0% used [0x00000000f0380000,0x00000000f0380000,0x00000000f7d00000)
 ParOldGen       total 385024K, used 183083K [0x0000000080000000, 0x0000000097800000, 0x00000000d5580000)
  object space 385024K, 47% used [0x0000000080000000,0x000000008b2cada0,0x0000000097800000)
 Metaspace       used 339031K, capacity 359596K, committed 359832K, reserved 1359872K
  class space    used 44393K, capacity 48493K, committed 48560K, reserved 1048576K
Event: 5590.397 GC heap after
Heap after GC invocations=91 (full 10):
 PSYoungGen      total 564736K, used 63905K [0x00000000d5580000, 0x0000000100000000, 0x0000000100000000)
  eden space 440320K, 0% used [0x00000000d5580000,0x00000000d5580000,0x00000000f0380000)
  from space 124416K, 51% used [0x00000000f0380000,0x00000000f41e8698,0x00000000f7d00000)
  to   space 122368K, 0% used [0x00000000f8880000,0x00000000f8880000,0x0000000100000000)
 ParOldGen       total 385024K, used 183091K [0x0000000080000000, 0x0000000097800000, 0x00000000d5580000)
  object space 385024K, 47% used [0x0000000080000000,0x000000008b2ccda0,0x0000000097800000)
 Metaspace       used 339031K, capacity 359596K, committed 359832K, reserved 1359872K
  class space    used 44393K, capacity 48493K, committed 48560K, reserved 1048576K
}
Event: 5629.367 GC heap before
{Heap before GC invocations=92 (full 10):
 PSYoungGen      total 564736K, used 504225K [0x00000000d5580000, 0x0000000100000000, 0x0000000100000000)
  eden space 440320K, 100% used [0x00000000d5580000,0x00000000f0380000,0x00000000f0380000)
  from space 124416K, 51% used [0x00000000f0380000,0x00000000f41e8698,0x00000000f7d00000)
  to   space 122368K, 0% used [0x00000000f8880000,0x00000000f8880000,0x0000000100000000)
 ParOldGen       total 385024K, used 183091K [0x0000000080000000, 0x0000000097800000, 0x00000000d5580000)
  object space 385024K, 47% used [0x0000000080000000,0x000000008b2ccda0,0x0000000097800000)
 Metaspace       used 341481K, capacity 362476K, committed 362776K, reserved 1363968K
  class space    used 44700K, capacity 48832K, committed 48944K, reserved 1048576K
Event: 5629.405 GC heap after
Heap after GC invocations=92 (full 10):
 PSYoungGen      total 565248K, used 58905K [0x00000000d5580000, 0x00000000ff700000, 0x0000000100000000)
  eden space 452096K, 0% used [0x00000000d5580000,0x00000000d5580000,0x00000000f0f00000)
  from space 113152K, 52% used [0x00000000f8880000,0x00000000fc206690,0x00000000ff700000)
  to   space 118784K, 0% used [0x00000000f0f00000,0x00000000f0f00000,0x00000000f8300000)
 ParOldGen       total 385024K, used 183099K [0x0000000080000000, 0x0000000097800000, 0x00000000d5580000)
  object space 385024K, 47% used [0x0000000080000000,0x000000008b2ceda0,0x0000000097800000)
 Metaspace       used 341481K, capacity 362476K, committed 362776K, reserved 1363968K
  class space    used 44700K, capacity 48832K, committed 48944K, reserved 1048576K
}
Event: 5632.247 GC heap before
{Heap before GC invocations=93 (full 10):
 PSYoungGen      total 565248K, used 511001K [0x00000000d5580000, 0x00000000ff700000, 0x0000000100000000)
  eden space 452096K, 100% used [0x00000000d5580000,0x00000000f0f00000,0x00000000f0f00000)
  from space 113152K, 52% used [0x00000000f8880000,0x00000000fc206690,0x00000000ff700000)
  to   space 118784K, 0% used [0x00000000f0f00000,0x00000000f0f00000,0x00000000f8300000)
 ParOldGen       total 385024K, used 183099K [0x0000000080000000, 0x0000000097800000, 0x00000000d5580000)
  object space 385024K, 47% used [0x0000000080000000,0x000000008b2ceda0,0x0000000097800000)
 Metaspace       used 343525K, capacity 364684K, committed 364824K, reserved 1366016K
  class space    used 44950K, capacity 49106K, committed 49200K, reserved 1048576K
Event: 5632.288 GC heap after
Heap after GC invocations=93 (full 10):
 PSYoungGen      total 570880K, used 61682K [0x00000000d5580000, 0x00000000fff80000, 0x0000000100000000)
  eden space 452096K, 0% used [0x00000000d5580000,0x00000000d5580000,0x00000000f0f00000)
  from space 118784K, 51% used [0x00000000f0f00000,0x00000000f4b3caa0,0x00000000f8300000)
  to   space 115712K, 0% used [0x00000000f8e80000,0x00000000f8e80000,0x00000000fff80000)
 ParOldGen       total 385024K, used 183107K [0x0000000080000000, 0x0000000097800000, 0x00000000d5580000)
  object space 385024K, 47% used [0x0000000080000000,0x000000008b2d0da0,0x0000000097800000)
 Metaspace       used 343525K, capacity 364684K, committed 364824K, reserved 1366016K
  class space    used 44950K, capacity 49106K, committed 49200K, reserved 1048576K
}
Event: 5634.112 GC heap before
{Heap before GC invocations=94 (full 10):
 PSYoungGen      total 570880K, used 513778K [0x00000000d5580000, 0x00000000fff80000, 0x0000000100000000)
  eden space 452096K, 100% used [0x00000000d5580000,0x00000000f0f00000,0x00000000f0f00000)
  from space 118784K, 51% used [0x00000000f0f00000,0x00000000f4b3caa0,0x00000000f8300000)
  to   space 115712K, 0% used [0x00000000f8e80000,0x00000000f8e80000,0x00000000fff80000)
 ParOldGen       total 385024K, used 183107K [0x0000000080000000, 0x0000000097800000, 0x00000000d5580000)
  object space 385024K, 47% used [0x0000000080000000,0x000000008b2d0da0,0x0000000097800000)
 Metaspace       used 351055K, capacity 373622K, committed 373912K, reserved 1372160K
  class space    used 46136K, capacity 50511K, committed 50608K, reserved 1048576K
Event: 5634.607 GC heap after
Heap after GC invocations=94 (full 10):
 PSYoungGen      total 495104K, used 115705K [0x00000000d5580000, 0x0000000100000000, 0x0000000100000000)
  eden space 379392K, 0% used [0x00000000d5580000,0x00000000d5580000,0x00000000ec800000)
  from space 115712K, 99% used [0x00000000f8e80000,0x00000000fff7e550,0x00000000fff80000)
  to   space 159744K, 0% used [0x00000000ec800000,0x00000000ec800000,0x00000000f6400000)
 ParOldGen       total 385024K, used 254784K [0x0000000080000000, 0x0000000097800000, 0x00000000d5580000)
  object space 385024K, 66% used [0x0000000080000000,0x000000008f8d00d0,0x0000000097800000)
 Metaspace       used 351055K, capacity 373622K, committed 373912K, reserved 1372160K
  class space    used 46136K, capacity 50511K, committed 50608K, reserved 1048576K
}

